0 info it worked if it ends with ok
1 verbose cli [ 'C:\\Program Files\\nodejs\\node.exe',
1 verbose cli   'C:\\Program Files\\nodejs\\node_modules\\npm\\bin\\npm-cli.js',
1 verbose cli   'install',
1 verbose cli   '-g',
1 verbose cli   'ionic' ]
2 info using npm@3.10.10
3 info using node@v6.10.0
4 silly loadCurrentTree Starting
5 silly install loadCurrentTree
6 silly install readGlobalPackageData
7 silly fetchPackageMetaData ionic
8 silly fetchNamedPackageData ionic
9 silly mapToRegistry name ionic
10 silly mapToRegistry using default registry
11 silly mapToRegistry registry https://registry.npmjs.org/
12 silly mapToRegistry data Result {
12 silly mapToRegistry   raw: 'ionic',
12 silly mapToRegistry   scope: null,
12 silly mapToRegistry   escapedName: 'ionic',
12 silly mapToRegistry   name: 'ionic',
12 silly mapToRegistry   rawSpec: '',
12 silly mapToRegistry   spec: 'latest',
12 silly mapToRegistry   type: 'tag' }
13 silly mapToRegistry uri https://registry.npmjs.org/ionic
14 verbose request uri https://registry.npmjs.org/ionic
15 verbose request no auth needed
16 info attempt registry request try #1 at 5:10:45 PM
17 verbose request id 54c1210710b62a11
18 verbose etag W/"58dd6725-e1354"
19 verbose lastModified Thu, 30 Mar 2017 20:14:29 GMT
20 http request GET https://registry.npmjs.org/ionic
21 http 304 https://registry.npmjs.org/ionic
22 verbose headers { date: 'Wed, 05 Apr 2017 10:10:47 GMT',
22 verbose headers   via: '1.1 varnish',
22 verbose headers   'cache-control': 'max-age=300',
22 verbose headers   etag: 'W/"58dd6725-e1354"',
22 verbose headers   age: '238',
22 verbose headers   connection: 'keep-alive',
22 verbose headers   'x-served-by': 'cache-sin18024-SIN',
22 verbose headers   'x-cache': 'HIT',
22 verbose headers   'x-cache-hits': '1',
22 verbose headers   'x-timer': 'S1491387047.515638,VS0,VE0',
22 verbose headers   vary: 'Accept-Encoding' }
23 silly get cb [ 304,
23 silly get   { date: 'Wed, 05 Apr 2017 10:10:47 GMT',
23 silly get     via: '1.1 varnish',
23 silly get     'cache-control': 'max-age=300',
23 silly get     etag: 'W/"58dd6725-e1354"',
23 silly get     age: '238',
23 silly get     connection: 'keep-alive',
23 silly get     'x-served-by': 'cache-sin18024-SIN',
23 silly get     'x-cache': 'HIT',
23 silly get     'x-cache-hits': '1',
23 silly get     'x-timer': 'S1491387047.515638,VS0,VE0',
23 silly get     vary: 'Accept-Encoding' } ]
24 verbose etag https://registry.npmjs.org/ionic from cache
25 verbose get saving ionic to C:\Users\Naoki Fujimoto\AppData\Roaming\npm-cache\registry.npmjs.org\ionic\.cache.json
26 verbose correctMkdir C:\Users\Naoki Fujimoto\AppData\Roaming\npm-cache correctMkdir not in flight; initializing
27 silly install normalizeTree
28 silly loadCurrentTree Finishing
29 silly loadIdealTree Starting
30 silly install loadIdealTree
31 silly cloneCurrentTree Starting
32 silly install cloneCurrentTreeToIdealTree
33 silly cloneCurrentTree Finishing
34 silly loadShrinkwrap Starting
35 silly install loadShrinkwrap
36 silly loadShrinkwrap Finishing
37 silly loadAllDepsIntoIdealTree Starting
38 silly install loadAllDepsIntoIdealTree
39 silly resolveWithNewModule ionic@2.2.2 checking installable status
40 silly cache add args [ 'ionic', null ]
41 verbose cache add spec ionic
42 silly cache add parsed spec Result {
42 silly cache add   raw: 'ionic',
42 silly cache add   scope: null,
42 silly cache add   escapedName: 'ionic',
42 silly cache add   name: 'ionic',
42 silly cache add   rawSpec: '',
42 silly cache add   spec: 'latest',
42 silly cache add   type: 'tag' }
43 silly addNamed ionic@latest
44 verbose addNamed "latest" is being treated as a dist-tag for ionic
45 info addNameTag [ 'ionic', 'latest' ]
46 silly mapToRegistry name ionic
47 silly mapToRegistry using default registry
48 silly mapToRegistry registry https://registry.npmjs.org/
49 silly mapToRegistry data Result {
49 silly mapToRegistry   raw: 'ionic',
49 silly mapToRegistry   scope: null,
49 silly mapToRegistry   escapedName: 'ionic',
49 silly mapToRegistry   name: 'ionic',
49 silly mapToRegistry   rawSpec: '',
49 silly mapToRegistry   spec: 'latest',
49 silly mapToRegistry   type: 'tag' }
50 silly mapToRegistry uri https://registry.npmjs.org/ionic
51 verbose addNameTag registry:https://registry.npmjs.org/ionic not in flight; fetching
52 verbose get https://registry.npmjs.org/ionic not expired, no request
53 silly addNameTag next cb for ionic with tag latest
54 silly addNamed ionic@2.2.2
55 verbose addNamed "2.2.2" is a plain semver version for ionic
56 silly mapToRegistry name ionic
57 silly mapToRegistry using default registry
58 silly mapToRegistry registry https://registry.npmjs.org/
59 silly mapToRegistry data Result {
59 silly mapToRegistry   raw: 'ionic',
59 silly mapToRegistry   scope: null,
59 silly mapToRegistry   escapedName: 'ionic',
59 silly mapToRegistry   name: 'ionic',
59 silly mapToRegistry   rawSpec: '',
59 silly mapToRegistry   spec: 'latest',
59 silly mapToRegistry   type: 'tag' }
60 silly mapToRegistry uri https://registry.npmjs.org/ionic
61 verbose addRemoteTarball https://registry.npmjs.org/ionic/-/ionic-2.2.2.tgz not in flight; adding
62 verbose addRemoteTarball [ 'https://registry.npmjs.org/ionic/-/ionic-2.2.2.tgz',
62 verbose addRemoteTarball   '3890117c43f2cf6719a3b9063c928420d1762f41' ]
63 info retry fetch attempt 1 at 5:10:49 PM
64 info attempt registry request try #1 at 5:10:49 PM
65 http fetch GET https://registry.npmjs.org/ionic/-/ionic-2.2.2.tgz
66 http fetch 200 https://registry.npmjs.org/ionic/-/ionic-2.2.2.tgz
67 info retry will retry, error on last attempt: Error: read ECONNRESET
68 silly fetchAndShaCheck shasum 3890117c43f2cf6719a3b9063c928420d1762f41
69 silly rollbackFailedOptional Starting
70 silly rollbackFailedOptional Finishing
71 silly runTopLevelLifecycles Finishing
72 silly install printInstalled
73 verbose stack Error: shasum check failed for C:\Users\NAOKIF~1\AppData\Local\Temp\npm-15044-bc3b9e24\registry.npmjs.org\ionic\-\ionic-2.2.2.tgz
73 verbose stack Expected: 3890117c43f2cf6719a3b9063c928420d1762f41
73 verbose stack Actual:   4254fdbe0c027e35e790a9f8982402211074ef5d
73 verbose stack From:     https://registry.npmjs.org/ionic/-/ionic-2.2.2.tgz
73 verbose stack     at C:\Program Files\nodejs\node_modules\npm\node_modules\sha\index.js:25:8
73 verbose stack     at ReadStream.<anonymous> (C:\Program Files\nodejs\node_modules\npm\node_modules\sha\index.js:72:7)
73 verbose stack     at emitNone (events.js:91:20)
73 verbose stack     at ReadStream.emit (events.js:185:7)
73 verbose stack     at endReadableNT (_stream_readable.js:974:12)
73 verbose stack     at _combinedTickCallback (internal/process/next_tick.js:74:11)
73 verbose stack     at process._tickCallback (internal/process/next_tick.js:98:9)
74 verbose cwd D:\Dev\sensio_app
75 error Windows_NT 10.0.14393
76 error argv "C:\\Program Files\\nodejs\\node.exe" "C:\\Program Files\\nodejs\\node_modules\\npm\\bin\\npm-cli.js" "install" "-g" "ionic"
77 error node v6.10.0
78 error npm  v3.10.10
79 error shasum check failed for C:\Users\NAOKIF~1\AppData\Local\Temp\npm-15044-bc3b9e24\registry.npmjs.org\ionic\-\ionic-2.2.2.tgz
79 error Expected: 3890117c43f2cf6719a3b9063c928420d1762f41
79 error Actual:   4254fdbe0c027e35e790a9f8982402211074ef5d
79 error From:     https://registry.npmjs.org/ionic/-/ionic-2.2.2.tgz
80 error If you need help, you may report this error at:
80 error     <https://github.com/npm/npm/issues>
81 verbose exit [ 1, true ]
